<?xml version="1.0" encoding="UTF-8"?>
<testsuite xmlns:xsi="http://www.w3.org/2001/XMLSchema-instance" xsi:noNamespaceSchemaLocation="https://maven.apache.org/surefire/maven-surefire-plugin/xsd/surefire-test-report-3.0.xsd" version="3.0" name="com.sacumen.salesforce.app.salesforce_dev.salesforceservice.SalesforceServiceTest" time="2.435" tests="2" errors="0" skipped="0" failures="0">
  <properties>
[...]
</properties>
  <testcase name="testRetrieveEventData" classname="com.sacumen.salesforce.app.salesforce_dev.salesforceservice.SalesforceServiceTest" time="0.056">
    <system-out><![CDATA[12:12:19.917 [main] INFO org.springframework.test.context.support.AnnotationConfigContextLoaderUtils -- Could not detect default configuration classes for test class [com.sacumen.salesforce.app.salesforce_dev.salesforceservice.SalesforceServiceTest]: SalesforceServiceTest does not declare any static, non-private, non-final, nested classes annotated with @Configuration.
12:12:19.973 [main] INFO org.springframework.boot.test.context.SpringBootTestContextBootstrapper -- Found @SpringBootConfiguration com.sacumen.salesforce.app.salesforce_dev.SalesforceDevApplication for test class com.sacumen.salesforce.app.salesforce_dev.salesforceservice.SalesforceServiceTest

  .   ____          _            __ _ _
 /\\ / ___'_ __ _ _(_)_ __  __ _ \ \ \ \
( ( )\___ | '_ | '_| | '_ \/ _` | \ \ \ \
 \\/  ___)| |_)| | | | | || (_| |  ) ) ) )
  '  |____| .__|_| |_|_| |_\__, | / / / /
 =========|_|==============|___/=/_/_/_/
 :: Spring Boot ::                (v3.1.0)

2023-06-06T12:12:20.955+05:30  INFO 8570 --- [           main] c.s.s.a.s.s.SalesforceServiceTest        : Starting SalesforceServiceTest using Java 17.0.7 with PID 8570 (started by tharun in /home/tharun/Assignment/salesforce_dev)
2023-06-06T12:12:20.957+05:30  INFO 8570 --- [           main] c.s.s.a.s.s.SalesforceServiceTest        : No active profile set, falling back to 1 default profile: "default"
2023-06-06T12:12:21.647+05:30  INFO 8570 --- [           main] o.s.b.w.embedded.tomcat.TomcatWebServer  : Tomcat initialized with port(s): 0 (http)
2023-06-06T12:12:21.653+05:30  INFO 8570 --- [           main] o.apache.catalina.core.StandardService   : Starting service [Tomcat]
2023-06-06T12:12:21.653+05:30  INFO 8570 --- [           main] o.apache.catalina.core.StandardEngine    : Starting Servlet engine: [Apache Tomcat/10.1.8]
2023-06-06T12:12:21.729+05:30  INFO 8570 --- [           main] o.a.c.c.C.[Tomcat].[localhost].[/]       : Initializing Spring embedded WebApplicationContext
2023-06-06T12:12:21.731+05:30  INFO 8570 --- [           main] w.s.c.ServletWebServerApplicationContext : Root WebApplicationContext: initialization completed in 752 ms
2023-06-06T12:12:22.178+05:30  INFO 8570 --- [           main] o.s.b.w.embedded.tomcat.TomcatWebServer  : Tomcat started on port(s): 34893 (http) with context path ''
2023-06-06T12:12:22.188+05:30  INFO 8570 --- [           main] c.s.s.a.s.s.SalesforceServiceTest        : Started SalesforceServiceTest in 1.471 seconds (process running for 2.709)
[{LogFile=log.txt, EventType=Event, LogFileLength=1024, Id=123, LogDate=2023-05-30}]
]]></system-out>
  </testcase>
  <testcase name="testHelloWorld" classname="com.sacumen.salesforce.app.salesforce_dev.salesforceservice.SalesforceServiceTest" time="0.005">
    <system-out><![CDATA[Hello, World!
]]></system-out>
  </testcase>
</testsuite>